2024-03-15 13:03:25,055 [Worker-4: Loading available Gradle versions] INFO  o.e.b.c.i.u.g.PublishedGradleVersions - Gradle version information cache is up-to-date. Trying to read.
2024-03-15 13:05:56,424 [Worker-4: Loading available Gradle versions] INFO  o.e.b.c.i.u.g.PublishedGradleVersions - Gradle version information cache is up-to-date. Trying to read.
2024-03-18 10:20:37,466 [Worker-0: Loading available Gradle versions] INFO  o.e.b.c.i.u.g.PublishedGradleVersions - Gradle version information cache is out-of-date. Trying to update.
2024-03-18 17:37:36,053 [Worker-1: Loading available Gradle versions] INFO  o.e.b.c.i.u.g.PublishedGradleVersions - Gradle version information cache is up-to-date. Trying to read.
2024-03-19 10:39:15,027 [Worker-4: Loading available Gradle versions] INFO  o.e.b.c.i.u.g.PublishedGradleVersions - Gradle version information cache is out-of-date. Trying to update.
2024-03-19 10:59:51,833 [Worker-18: Enabling Maven Dependency Management] INFO  o.e.m.c.i.l.LifecycleMappingFactory - Using org.eclipse.m2e.jdt.JarLifecycleMapping lifecycle mapping for MavenProject: Selenium1:Selenium1:0.0.1-SNAPSHOT @ /home/paras/eclipse-workspace/Firstproject/Selenium1/pom.xml.
2024-03-19 10:59:53,219 [Worker-21: Building] WARN  o.a.m.s.f.DefaultMavenResourcesFiltering - Using platform encoding (UTF-8 actually) to copy filtered resources, i.e. build is platform dependent!
2024-03-19 10:59:53,220 [Worker-21: Building] INFO  o.a.m.s.f.DefaultMavenResourcesFiltering - skip non existing resourceDirectory /home/paras/eclipse-workspace/Firstproject/Selenium1/src/main/resources
2024-03-19 10:59:53,235 [Worker-21: Building] WARN  o.a.m.s.f.DefaultMavenResourcesFiltering - Using platform encoding (UTF-8 actually) to copy filtered resources, i.e. build is platform dependent!
2024-03-19 10:59:53,236 [Worker-21: Building] INFO  o.a.m.s.f.DefaultMavenResourcesFiltering - skip non existing resourceDirectory /home/paras/eclipse-workspace/Firstproject/Selenium1/src/test/resources
2024-03-19 10:59:53,425 [Worker-18: Enabling Maven Dependency Management] INFO  o.e.m.j.i.AbstractJavaProjectConfigurator - Adding source folder /Selenium1/src
2024-03-19 10:59:53,426 [Worker-18: Enabling Maven Dependency Management] INFO  o.e.m.j.i.AbstractJavaProjectConfigurator - Resources folder /Selenium1/src/main/resources overlaps with sources folder /Selenium1/src
2024-03-19 10:59:53,427 [Worker-18: Enabling Maven Dependency Management] INFO  o.e.m.j.i.AbstractJavaProjectConfigurator - Not adding source folder /Selenium1/src/test/java because it overlaps with /Selenium1/src
2024-03-19 10:59:53,427 [Worker-18: Enabling Maven Dependency Management] INFO  o.e.m.j.i.AbstractJavaProjectConfigurator - Resources folder /Selenium1/src/test/resources overlaps with sources folder /Selenium1/src
2024-03-19 10:59:53,478 [Worker-18: Enabling Maven Dependency Management] INFO  o.e.m.c.i.p.ProjectConfigurationManager - Update started
2024-03-19 10:59:53,641 [Worker-18: Enabling Maven Dependency Management] INFO  o.e.m.c.i.l.LifecycleMappingFactory - Using org.eclipse.m2e.jdt.JarLifecycleMapping lifecycle mapping for MavenProject: Selenium1:Selenium1:0.0.1-SNAPSHOT @ /home/paras/eclipse-workspace/Firstproject/Selenium1/pom.xml.
2024-03-19 10:59:53,775 [Worker-18: Enabling Maven Dependency Management] INFO  o.e.m.j.i.AbstractJavaProjectConfigurator - Adding source folder /Selenium1/src
2024-03-19 10:59:53,776 [Worker-18: Enabling Maven Dependency Management] INFO  o.e.m.j.i.AbstractJavaProjectConfigurator - Resources folder /Selenium1/src/main/resources overlaps with sources folder /Selenium1/src
2024-03-19 10:59:53,776 [Worker-18: Enabling Maven Dependency Management] INFO  o.e.m.j.i.AbstractJavaProjectConfigurator - Not adding source folder /Selenium1/src/test/java because it overlaps with /Selenium1/src
2024-03-19 10:59:53,777 [Worker-18: Enabling Maven Dependency Management] INFO  o.e.m.j.i.AbstractJavaProjectConfigurator - Resources folder /Selenium1/src/test/resources overlaps with sources folder /Selenium1/src
2024-03-19 10:59:53,795 [Worker-18: Enabling Maven Dependency Management] INFO  o.e.m.c.i.p.ProjectConfigurationManager - Update completed for 1 poms: local refresh takes 0.00 sec, refresh facades takes 0.00 sec, update config takes 0.00 sec 
2024-03-19 10:59:53,947 [Worker-21: Building] WARN  o.a.m.s.f.DefaultMavenResourcesFiltering - Using platform encoding (UTF-8 actually) to copy filtered resources, i.e. build is platform dependent!
2024-03-19 10:59:53,947 [Worker-21: Building] INFO  o.a.m.s.f.DefaultMavenResourcesFiltering - skip non existing resourceDirectory /home/paras/eclipse-workspace/Firstproject/Selenium1/src/main/resources
2024-03-19 10:59:53,949 [Worker-21: Building] WARN  o.a.m.s.f.DefaultMavenResourcesFiltering - Using platform encoding (UTF-8 actually) to copy filtered resources, i.e. build is platform dependent!
2024-03-19 10:59:53,950 [Worker-21: Building] INFO  o.a.m.s.f.DefaultMavenResourcesFiltering - skip non existing resourceDirectory /home/paras/eclipse-workspace/Firstproject/Selenium1/src/test/resources
2024-03-19 11:01:18,759 [Worker-22: Building] INFO  o.e.m.c.i.l.LifecycleMappingFactory - Using org.eclipse.m2e.jdt.JarLifecycleMapping lifecycle mapping for MavenProject: Selenium1:Selenium1:0.0.1-SNAPSHOT @ /home/paras/eclipse-workspace/Firstproject/Selenium1/pom.xml.
2024-03-19 11:01:19,500 [Worker-22: Building] WARN  o.a.m.s.f.DefaultMavenResourcesFiltering - Using platform encoding (UTF-8 actually) to copy filtered resources, i.e. build is platform dependent!
2024-03-19 11:01:19,500 [Worker-22: Building] INFO  o.a.m.s.f.DefaultMavenResourcesFiltering - skip non existing resourceDirectory /home/paras/eclipse-workspace/Firstproject/Selenium1/src/main/resources
2024-03-19 11:01:19,503 [Worker-22: Building] WARN  o.a.m.s.f.DefaultMavenResourcesFiltering - Using platform encoding (UTF-8 actually) to copy filtered resources, i.e. build is platform dependent!
2024-03-19 11:01:19,503 [Worker-22: Building] INFO  o.a.m.s.f.DefaultMavenResourcesFiltering - skip non existing resourceDirectory /home/paras/eclipse-workspace/Firstproject/Selenium1/src/test/resources
2024-03-19 11:01:19,922 [Worker-23: Building] WARN  o.a.m.s.f.DefaultMavenResourcesFiltering - Using platform encoding (UTF-8 actually) to copy filtered resources, i.e. build is platform dependent!
2024-03-19 11:01:19,923 [Worker-23: Building] INFO  o.a.m.s.f.DefaultMavenResourcesFiltering - skip non existing resourceDirectory /home/paras/eclipse-workspace/Firstproject/Selenium1/src/main/resources
2024-03-19 11:01:19,924 [Worker-23: Building] WARN  o.a.m.s.f.DefaultMavenResourcesFiltering - Using platform encoding (UTF-8 actually) to copy filtered resources, i.e. build is platform dependent!
2024-03-19 11:01:19,925 [Worker-23: Building] INFO  o.a.m.s.f.DefaultMavenResourcesFiltering - skip non existing resourceDirectory /home/paras/eclipse-workspace/Firstproject/Selenium1/src/test/resources
2024-03-19 11:02:05,880 [Worker-20: Building] INFO  o.e.m.c.i.l.LifecycleMappingFactory - Using org.eclipse.m2e.jdt.JarLifecycleMapping lifecycle mapping for MavenProject: Selenium1:Selenium1:0.0.1-SNAPSHOT @ /home/paras/eclipse-workspace/Firstproject/Selenium1/pom.xml.
2024-03-19 11:02:06,018 [Worker-20: Building] WARN  o.a.m.s.f.DefaultMavenResourcesFiltering - Using platform encoding (UTF-8 actually) to copy filtered resources, i.e. build is platform dependent!
2024-03-19 11:02:06,018 [Worker-20: Building] INFO  o.a.m.s.f.DefaultMavenResourcesFiltering - skip non existing resourceDirectory /home/paras/eclipse-workspace/Firstproject/Selenium1/src/main/resources
2024-03-19 11:02:06,021 [Worker-20: Building] WARN  o.a.m.s.f.DefaultMavenResourcesFiltering - Using platform encoding (UTF-8 actually) to copy filtered resources, i.e. build is platform dependent!
2024-03-19 11:02:06,021 [Worker-20: Building] INFO  o.a.m.s.f.DefaultMavenResourcesFiltering - skip non existing resourceDirectory /home/paras/eclipse-workspace/Firstproject/Selenium1/src/test/resources
2024-03-19 11:02:07,374 [Worker-25: Building] WARN  o.a.m.s.f.DefaultMavenResourcesFiltering - Using platform encoding (UTF-8 actually) to copy filtered resources, i.e. build is platform dependent!
2024-03-19 11:02:07,374 [Worker-25: Building] INFO  o.a.m.s.f.DefaultMavenResourcesFiltering - skip non existing resourceDirectory /home/paras/eclipse-workspace/Firstproject/Selenium1/src/main/resources
2024-03-19 11:02:07,378 [Worker-25: Building] WARN  o.a.m.s.f.DefaultMavenResourcesFiltering - Using platform encoding (UTF-8 actually) to copy filtered resources, i.e. build is platform dependent!
2024-03-19 11:02:07,378 [Worker-25: Building] INFO  o.a.m.s.f.DefaultMavenResourcesFiltering - skip non existing resourceDirectory /home/paras/eclipse-workspace/Firstproject/Selenium1/src/test/resources
2024-03-19 11:02:23,117 [Worker-23: Building] WARN  o.a.m.s.f.DefaultMavenResourcesFiltering - Using platform encoding (UTF-8 actually) to copy filtered resources, i.e. build is platform dependent!
2024-03-19 11:02:23,118 [Worker-23: Building] INFO  o.a.m.s.f.DefaultMavenResourcesFiltering - skip non existing resourceDirectory /home/paras/eclipse-workspace/Firstproject/Selenium1/src/main/resources
2024-03-19 11:02:23,119 [Worker-23: Building] WARN  o.a.m.s.f.DefaultMavenResourcesFiltering - Using platform encoding (UTF-8 actually) to copy filtered resources, i.e. build is platform dependent!
2024-03-19 11:02:23,120 [Worker-23: Building] INFO  o.a.m.s.f.DefaultMavenResourcesFiltering - skip non existing resourceDirectory /home/paras/eclipse-workspace/Firstproject/Selenium1/src/test/resources
2024-03-19 11:07:39,914 [Worker-27: Building] WARN  o.a.m.s.f.DefaultMavenResourcesFiltering - Using platform encoding (UTF-8 actually) to copy filtered resources, i.e. build is platform dependent!
2024-03-19 11:07:39,938 [Worker-27: Building] INFO  o.a.m.s.f.DefaultMavenResourcesFiltering - skip non existing resourceDirectory /home/paras/eclipse-workspace/Firstproject/Selenium1/src/main/resources
2024-03-19 11:07:39,946 [Worker-27: Building] WARN  o.a.m.s.f.DefaultMavenResourcesFiltering - Using platform encoding (UTF-8 actually) to copy filtered resources, i.e. build is platform dependent!
2024-03-19 11:07:39,947 [Worker-27: Building] INFO  o.a.m.s.f.DefaultMavenResourcesFiltering - skip non existing resourceDirectory /home/paras/eclipse-workspace/Firstproject/Selenium1/src/test/resources
2024-03-19 11:09:55,197 [Worker-30: Building] WARN  o.a.m.s.f.DefaultMavenResourcesFiltering - Using platform encoding (UTF-8 actually) to copy filtered resources, i.e. build is platform dependent!
2024-03-19 11:09:55,197 [Worker-30: Building] INFO  o.a.m.s.f.DefaultMavenResourcesFiltering - skip non existing resourceDirectory /home/paras/eclipse-workspace/Firstproject/Selenium1/src/main/resources
2024-03-19 11:09:55,198 [Worker-30: Building] WARN  o.a.m.s.f.DefaultMavenResourcesFiltering - Using platform encoding (UTF-8 actually) to copy filtered resources, i.e. build is platform dependent!
2024-03-19 11:09:55,199 [Worker-30: Building] INFO  o.a.m.s.f.DefaultMavenResourcesFiltering - skip non existing resourceDirectory /home/paras/eclipse-workspace/Firstproject/Selenium1/src/test/resources
2024-03-19 11:09:57,922 [Worker-27: Building] WARN  o.a.m.s.f.DefaultMavenResourcesFiltering - Using platform encoding (UTF-8 actually) to copy filtered resources, i.e. build is platform dependent!
2024-03-19 11:09:57,922 [Worker-27: Building] INFO  o.a.m.s.f.DefaultMavenResourcesFiltering - skip non existing resourceDirectory /home/paras/eclipse-workspace/Firstproject/Selenium1/src/main/resources
2024-03-19 11:09:57,924 [Worker-27: Building] WARN  o.a.m.s.f.DefaultMavenResourcesFiltering - Using platform encoding (UTF-8 actually) to copy filtered resources, i.e. build is platform dependent!
2024-03-19 11:09:57,924 [Worker-27: Building] INFO  o.a.m.s.f.DefaultMavenResourcesFiltering - skip non existing resourceDirectory /home/paras/eclipse-workspace/Firstproject/Selenium1/src/test/resources
2024-03-19 11:10:31,566 [Worker-30: Building] WARN  o.a.m.s.f.DefaultMavenResourcesFiltering - Using platform encoding (UTF-8 actually) to copy filtered resources, i.e. build is platform dependent!
2024-03-19 11:10:31,567 [Worker-30: Building] INFO  o.a.m.s.f.DefaultMavenResourcesFiltering - skip non existing resourceDirectory /home/paras/eclipse-workspace/Firstproject/Selenium1/src/main/resources
2024-03-19 11:10:31,569 [Worker-30: Building] WARN  o.a.m.s.f.DefaultMavenResourcesFiltering - Using platform encoding (UTF-8 actually) to copy filtered resources, i.e. build is platform dependent!
2024-03-19 11:10:31,569 [Worker-30: Building] INFO  o.a.m.s.f.DefaultMavenResourcesFiltering - skip non existing resourceDirectory /home/paras/eclipse-workspace/Firstproject/Selenium1/src/test/resources
2024-03-19 11:17:07,741 [Worker-32: Building] WARN  o.a.m.s.f.DefaultMavenResourcesFiltering - Using platform encoding (UTF-8 actually) to copy filtered resources, i.e. build is platform dependent!
2024-03-19 11:17:07,755 [Worker-32: Building] INFO  o.a.m.s.f.DefaultMavenResourcesFiltering - skip non existing resourceDirectory /home/paras/eclipse-workspace/Firstproject/Selenium1/src/main/resources
2024-03-19 11:17:07,757 [Worker-32: Building] WARN  o.a.m.s.f.DefaultMavenResourcesFiltering - Using platform encoding (UTF-8 actually) to copy filtered resources, i.e. build is platform dependent!
2024-03-19 11:17:07,757 [Worker-32: Building] INFO  o.a.m.s.f.DefaultMavenResourcesFiltering - skip non existing resourceDirectory /home/paras/eclipse-workspace/Firstproject/Selenium1/src/test/resources
2024-03-19 11:17:09,990 [Worker-33: Building] WARN  o.a.m.s.f.DefaultMavenResourcesFiltering - Using platform encoding (UTF-8 actually) to copy filtered resources, i.e. build is platform dependent!
2024-03-19 11:17:09,991 [Worker-33: Building] INFO  o.a.m.s.f.DefaultMavenResourcesFiltering - skip non existing resourceDirectory /home/paras/eclipse-workspace/Firstproject/Selenium1/src/main/resources
2024-03-19 11:17:09,992 [Worker-33: Building] WARN  o.a.m.s.f.DefaultMavenResourcesFiltering - Using platform encoding (UTF-8 actually) to copy filtered resources, i.e. build is platform dependent!
2024-03-19 11:17:09,993 [Worker-33: Building] INFO  o.a.m.s.f.DefaultMavenResourcesFiltering - skip non existing resourceDirectory /home/paras/eclipse-workspace/Firstproject/Selenium1/src/test/resources
2024-03-19 11:19:44,211 [Worker-29: Building] WARN  o.a.m.s.f.DefaultMavenResourcesFiltering - Using platform encoding (UTF-8 actually) to copy filtered resources, i.e. build is platform dependent!
2024-03-19 11:19:44,212 [Worker-29: Building] INFO  o.a.m.s.f.DefaultMavenResourcesFiltering - skip non existing resourceDirectory /home/paras/eclipse-workspace/Firstproject/Selenium1/src/main/resources
2024-03-19 11:19:44,217 [Worker-29: Building] WARN  o.a.m.s.f.DefaultMavenResourcesFiltering - Using platform encoding (UTF-8 actually) to copy filtered resources, i.e. build is platform dependent!
2024-03-19 11:19:44,218 [Worker-29: Building] INFO  o.a.m.s.f.DefaultMavenResourcesFiltering - skip non existing resourceDirectory /home/paras/eclipse-workspace/Firstproject/Selenium1/src/test/resources
2024-03-19 11:28:18,919 [Worker-30: Launching Selenium1] ERROR o.e.m.c.i.URLConnectionCaches - Unexpected URLConnection defaultUseCaches enabled
2024-03-19 11:28:18,921 [Worker-30: Launching Selenium1] WARN  o.a.m.s.f.DefaultMavenResourcesFiltering - Using platform encoding (UTF-8 actually) to copy filtered resources, i.e. build is platform dependent!
2024-03-19 11:28:18,921 [Worker-30: Launching Selenium1] INFO  o.a.m.s.f.DefaultMavenResourcesFiltering - skip non existing resourceDirectory /home/paras/eclipse-workspace/Firstproject/Selenium1/src/main/resources
2024-03-19 11:28:18,923 [Worker-30: Launching Selenium1] WARN  o.a.m.s.f.DefaultMavenResourcesFiltering - Using platform encoding (UTF-8 actually) to copy filtered resources, i.e. build is platform dependent!
2024-03-19 11:28:18,923 [Worker-30: Launching Selenium1] INFO  o.a.m.s.f.DefaultMavenResourcesFiltering - skip non existing resourceDirectory /home/paras/eclipse-workspace/Firstproject/Selenium1/src/test/resources
2024-03-19 11:30:20,110 [main] INFO  o.e.m2e.actions.ExecutePomAction - Creating new launch configuration
2024-03-19 11:30:28,158 [Worker-36: Launching Selenium1 (1)] INFO  o.eclipse.m2e.core.internal.Bundles - getClasspathEntries(Bundle=org.eclipse.m2e.maven.runtime_3.9.600.20231203-1234 [1084])
2024-03-19 11:30:28,271 [Worker-36: Launching Selenium1 (1)] INFO  o.eclipse.m2e.core.internal.Bundles - 	Entry: /snap/eclipse/85/plugins/org.eclipse.m2e.maven.runtime_3.9.600.20231203-1234
2024-03-19 11:30:28,271 [Worker-36: Launching Selenium1 (1)] INFO  o.eclipse.m2e.core.internal.Bundles - 	Entry: /snap/eclipse/85/plugins/org.eclipse.m2e.maven.runtime_3.9.600.20231203-1234/jars/aopalliance-1.0.jar
2024-03-19 11:30:28,271 [Worker-36: Launching Selenium1 (1)] INFO  o.eclipse.m2e.core.internal.Bundles - 	Entry: /snap/eclipse/85/plugins/org.eclipse.m2e.maven.runtime_3.9.600.20231203-1234/jars/guice-5.1.0.jar
2024-03-19 11:30:28,271 [Worker-36: Launching Selenium1 (1)] INFO  o.eclipse.m2e.core.internal.Bundles - 	Entry: /snap/eclipse/85/plugins/org.eclipse.m2e.maven.runtime_3.9.600.20231203-1234/jars/httpclient-4.5.14.jar
2024-03-19 11:30:28,271 [Worker-36: Launching Selenium1 (1)] INFO  o.eclipse.m2e.core.internal.Bundles - 	Entry: /snap/eclipse/85/plugins/org.eclipse.m2e.maven.runtime_3.9.600.20231203-1234/jars/httpcore-4.4.16.jar
2024-03-19 11:30:28,271 [Worker-36: Launching Selenium1 (1)] INFO  o.eclipse.m2e.core.internal.Bundles - 	Entry: /snap/eclipse/85/plugins/org.eclipse.m2e.maven.runtime_3.9.600.20231203-1234/jars/jansi-2.4.0.jar
2024-03-19 11:30:28,271 [Worker-36: Launching Selenium1 (1)] INFO  o.eclipse.m2e.core.internal.Bundles - 	Entry: /snap/eclipse/85/plugins/org.eclipse.m2e.maven.runtime_3.9.600.20231203-1234/jars/jcl-over-slf4j-1.7.36.jar
2024-03-19 11:30:28,271 [Worker-36: Launching Selenium1 (1)] INFO  o.eclipse.m2e.core.internal.Bundles - 	Entry: /snap/eclipse/85/plugins/org.eclipse.m2e.maven.runtime_3.9.600.20231203-1234/jars/maven-artifact-3.9.6.jar
2024-03-19 11:30:28,272 [Worker-36: Launching Selenium1 (1)] INFO  o.eclipse.m2e.core.internal.Bundles - 	Entry: /snap/eclipse/85/plugins/org.eclipse.m2e.maven.runtime_3.9.600.20231203-1234/jars/maven-builder-support-3.9.6.jar
2024-03-19 11:30:28,272 [Worker-36: Launching Selenium1 (1)] INFO  o.eclipse.m2e.core.internal.Bundles - 	Entry: /snap/eclipse/85/plugins/org.eclipse.m2e.maven.runtime_3.9.600.20231203-1234/jars/maven-compat-3.9.6.jar
2024-03-19 11:30:28,272 [Worker-36: Launching Selenium1 (1)] INFO  o.eclipse.m2e.core.internal.Bundles - 	Entry: /snap/eclipse/85/plugins/org.eclipse.m2e.maven.runtime_3.9.600.20231203-1234/jars/maven-core-3.9.6.jar
2024-03-19 11:30:28,272 [Worker-36: Launching Selenium1 (1)] INFO  o.eclipse.m2e.core.internal.Bundles - 	Entry: /snap/eclipse/85/plugins/org.eclipse.m2e.maven.runtime_3.9.600.20231203-1234/jars/maven-embedder-3.9.6.jar
2024-03-19 11:30:28,272 [Worker-36: Launching Selenium1 (1)] INFO  o.eclipse.m2e.core.internal.Bundles - 	Entry: /snap/eclipse/85/plugins/org.eclipse.m2e.maven.runtime_3.9.600.20231203-1234/jars/maven-model-3.9.6.jar
2024-03-19 11:30:28,272 [Worker-36: Launching Selenium1 (1)] INFO  o.eclipse.m2e.core.internal.Bundles - 	Entry: /snap/eclipse/85/plugins/org.eclipse.m2e.maven.runtime_3.9.600.20231203-1234/jars/maven-model-builder-3.9.6.jar
2024-03-19 11:30:28,272 [Worker-36: Launching Selenium1 (1)] INFO  o.eclipse.m2e.core.internal.Bundles - 	Entry: /snap/eclipse/85/plugins/org.eclipse.m2e.maven.runtime_3.9.600.20231203-1234/jars/maven-plugin-api-3.9.6.jar
2024-03-19 11:30:28,272 [Worker-36: Launching Selenium1 (1)] INFO  o.eclipse.m2e.core.internal.Bundles - 	Entry: /snap/eclipse/85/plugins/org.eclipse.m2e.maven.runtime_3.9.600.20231203-1234/jars/maven-repository-metadata-3.9.6.jar
2024-03-19 11:30:28,272 [Worker-36: Launching Selenium1 (1)] INFO  o.eclipse.m2e.core.internal.Bundles - 	Entry: /snap/eclipse/85/plugins/org.eclipse.m2e.maven.runtime_3.9.600.20231203-1234/jars/maven-resolver-api-1.9.18.jar
2024-03-19 11:30:28,272 [Worker-36: Launching Selenium1 (1)] INFO  o.eclipse.m2e.core.internal.Bundles - 	Entry: /snap/eclipse/85/plugins/org.eclipse.m2e.maven.runtime_3.9.600.20231203-1234/jars/maven-resolver-connector-basic-1.9.18.jar
2024-03-19 11:30:28,272 [Worker-36: Launching Selenium1 (1)] INFO  o.eclipse.m2e.core.internal.Bundles - 	Entry: /snap/eclipse/85/plugins/org.eclipse.m2e.maven.runtime_3.9.600.20231203-1234/jars/maven-resolver-impl-1.9.18.jar
2024-03-19 11:30:28,272 [Worker-36: Launching Selenium1 (1)] INFO  o.eclipse.m2e.core.internal.Bundles - 	Entry: /snap/eclipse/85/plugins/org.eclipse.m2e.maven.runtime_3.9.600.20231203-1234/jars/maven-resolver-named-locks-1.9.18.jar
2024-03-19 11:30:28,272 [Worker-36: Launching Selenium1 (1)] INFO  o.eclipse.m2e.core.internal.Bundles - 	Entry: /snap/eclipse/85/plugins/org.eclipse.m2e.maven.runtime_3.9.600.20231203-1234/jars/maven-resolver-provider-3.9.6.jar
2024-03-19 11:30:28,272 [Worker-36: Launching Selenium1 (1)] INFO  o.eclipse.m2e.core.internal.Bundles - 	Entry: /snap/eclipse/85/plugins/org.eclipse.m2e.maven.runtime_3.9.600.20231203-1234/jars/maven-resolver-spi-1.9.18.jar
2024-03-19 11:30:28,272 [Worker-36: Launching Selenium1 (1)] INFO  o.eclipse.m2e.core.internal.Bundles - 	Entry: /snap/eclipse/85/plugins/org.eclipse.m2e.maven.runtime_3.9.600.20231203-1234/jars/maven-resolver-transport-file-1.9.18.jar
2024-03-19 11:30:28,272 [Worker-36: Launching Selenium1 (1)] INFO  o.eclipse.m2e.core.internal.Bundles - 	Entry: /snap/eclipse/85/plugins/org.eclipse.m2e.maven.runtime_3.9.600.20231203-1234/jars/maven-resolver-transport-http-1.9.18.jar
2024-03-19 11:30:28,272 [Worker-36: Launching Selenium1 (1)] INFO  o.eclipse.m2e.core.internal.Bundles - 	Entry: /snap/eclipse/85/plugins/org.eclipse.m2e.maven.runtime_3.9.600.20231203-1234/jars/maven-resolver-transport-wagon-1.9.18.jar
2024-03-19 11:30:28,272 [Worker-36: Launching Selenium1 (1)] INFO  o.eclipse.m2e.core.internal.Bundles - 	Entry: /snap/eclipse/85/plugins/org.eclipse.m2e.maven.runtime_3.9.600.20231203-1234/jars/maven-resolver-util-1.9.18.jar
2024-03-19 11:30:28,272 [Worker-36: Launching Selenium1 (1)] INFO  o.eclipse.m2e.core.internal.Bundles - 	Entry: /snap/eclipse/85/plugins/org.eclipse.m2e.maven.runtime_3.9.600.20231203-1234/jars/maven-settings-3.9.6.jar
2024-03-19 11:30:28,273 [Worker-36: Launching Selenium1 (1)] INFO  o.eclipse.m2e.core.internal.Bundles - 	Entry: /snap/eclipse/85/plugins/org.eclipse.m2e.maven.runtime_3.9.600.20231203-1234/jars/maven-settings-builder-3.9.6.jar
2024-03-19 11:30:28,273 [Worker-36: Launching Selenium1 (1)] INFO  o.eclipse.m2e.core.internal.Bundles - 	Entry: /snap/eclipse/85/plugins/org.eclipse.m2e.maven.runtime_3.9.600.20231203-1234/jars/maven-shared-utils-3.3.4.jar
2024-03-19 11:30:28,273 [Worker-36: Launching Selenium1 (1)] INFO  o.eclipse.m2e.core.internal.Bundles - 	Entry: /snap/eclipse/85/plugins/org.eclipse.m2e.maven.runtime_3.9.600.20231203-1234/jars/org.eclipse.sisu.inject-0.9.0.M2.jar
2024-03-19 11:30:28,273 [Worker-36: Launching Selenium1 (1)] INFO  o.eclipse.m2e.core.internal.Bundles - 	Entry: /snap/eclipse/85/plugins/org.eclipse.m2e.maven.runtime_3.9.600.20231203-1234/jars/org.eclipse.sisu.plexus-0.9.0.M2.jar
2024-03-19 11:30:28,273 [Worker-36: Launching Selenium1 (1)] INFO  o.eclipse.m2e.core.internal.Bundles - 	Entry: /snap/eclipse/85/plugins/org.eclipse.m2e.maven.runtime_3.9.600.20231203-1234/jars/plexus-build-api-0.0.7.jar
2024-03-19 11:30:28,273 [Worker-36: Launching Selenium1 (1)] INFO  o.eclipse.m2e.core.internal.Bundles - 	Entry: /snap/eclipse/85/plugins/org.eclipse.m2e.maven.runtime_3.9.600.20231203-1234/jars/plexus-cipher-2.0.jar
2024-03-19 11:30:28,273 [Worker-36: Launching Selenium1 (1)] INFO  o.eclipse.m2e.core.internal.Bundles - 	Entry: /snap/eclipse/85/plugins/org.eclipse.m2e.maven.runtime_3.9.600.20231203-1234/jars/plexus-classworlds-2.7.0.jar
2024-03-19 11:30:28,273 [Worker-36: Launching Selenium1 (1)] INFO  o.eclipse.m2e.core.internal.Bundles - 	Entry: /snap/eclipse/85/plugins/org.eclipse.m2e.maven.runtime_3.9.600.20231203-1234/jars/plexus-component-annotations-2.1.0.jar
2024-03-19 11:30:28,273 [Worker-36: Launching Selenium1 (1)] INFO  o.eclipse.m2e.core.internal.Bundles - 	Entry: /snap/eclipse/85/plugins/org.eclipse.m2e.maven.runtime_3.9.600.20231203-1234/jars/plexus-interpolation-1.26.jar
2024-03-19 11:30:28,273 [Worker-36: Launching Selenium1 (1)] INFO  o.eclipse.m2e.core.internal.Bundles - 	Entry: /snap/eclipse/85/plugins/org.eclipse.m2e.maven.runtime_3.9.600.20231203-1234/jars/plexus-sec-dispatcher-2.0.jar
2024-03-19 11:30:28,273 [Worker-36: Launching Selenium1 (1)] INFO  o.eclipse.m2e.core.internal.Bundles - 	Entry: /snap/eclipse/85/plugins/org.eclipse.m2e.maven.runtime_3.9.600.20231203-1234/jars/plexus-utils-3.5.1.jar
2024-03-19 11:30:28,273 [Worker-36: Launching Selenium1 (1)] INFO  o.eclipse.m2e.core.internal.Bundles - 	Entry: /snap/eclipse/85/plugins/org.eclipse.m2e.maven.runtime_3.9.600.20231203-1234/jars/wagon-file-3.5.3.jar
2024-03-19 11:30:28,273 [Worker-36: Launching Selenium1 (1)] INFO  o.eclipse.m2e.core.internal.Bundles - 	Entry: /snap/eclipse/85/plugins/org.eclipse.m2e.maven.runtime_3.9.600.20231203-1234/jars/wagon-http-3.5.3.jar
2024-03-19 11:30:28,273 [Worker-36: Launching Selenium1 (1)] INFO  o.eclipse.m2e.core.internal.Bundles - 	Entry: /snap/eclipse/85/plugins/org.eclipse.m2e.maven.runtime_3.9.600.20231203-1234/jars/wagon-http-shared-3.5.3.jar
2024-03-19 11:30:28,273 [Worker-36: Launching Selenium1 (1)] INFO  o.eclipse.m2e.core.internal.Bundles - 	Entry: /snap/eclipse/85/plugins/org.eclipse.m2e.maven.runtime_3.9.600.20231203-1234/jars/wagon-provider-api-3.5.3.jar
2024-03-19 11:30:28,274 [Worker-36: Launching Selenium1 (1)] INFO  o.eclipse.m2e.core.internal.Bundles - getClasspathEntries(Bundle=com.google.guava_33.0.0.jre [863])
2024-03-19 11:30:28,274 [Worker-36: Launching Selenium1 (1)] INFO  o.eclipse.m2e.core.internal.Bundles - 	Entry: /snap/eclipse/85/plugins/com.google.guava_33.0.0.jre.jar
2024-03-19 11:30:28,274 [Worker-36: Launching Selenium1 (1)] INFO  o.eclipse.m2e.core.internal.Bundles - getClasspathEntries(Bundle=slf4j.api_2.0.12 [1228])
2024-03-19 11:30:28,274 [Worker-36: Launching Selenium1 (1)] INFO  o.eclipse.m2e.core.internal.Bundles - 	Entry: /snap/eclipse/85/plugins/slf4j.api_2.0.12.jar
2024-03-19 11:30:28,274 [Worker-36: Launching Selenium1 (1)] INFO  o.eclipse.m2e.core.internal.Bundles - getClasspathEntries(Bundle=jakarta.inject.jakarta.inject-api_1.0.5 [526])
2024-03-19 11:30:28,274 [Worker-36: Launching Selenium1 (1)] INFO  o.eclipse.m2e.core.internal.Bundles - 	Entry: /snap/eclipse/85/plugins/jakarta.inject.jakarta.inject-api_1.0.5.jar
2024-03-19 11:30:28,274 [Worker-36: Launching Selenium1 (1)] INFO  o.eclipse.m2e.core.internal.Bundles - getClasspathEntries(Bundle=jakarta.annotation-api_1.3.5 [524])
2024-03-19 11:30:28,274 [Worker-36: Launching Selenium1 (1)] INFO  o.eclipse.m2e.core.internal.Bundles - 	Entry: /snap/eclipse/85/plugins/jakarta.annotation-api_1.3.5.jar
2024-03-19 11:30:28,274 [Worker-36: Launching Selenium1 (1)] INFO  o.eclipse.m2e.core.internal.Bundles - getClasspathEntries(Bundle=org.apache.commons.cli_1.6.0 [546])
2024-03-19 11:30:28,274 [Worker-36: Launching Selenium1 (1)] INFO  o.eclipse.m2e.core.internal.Bundles - 	Entry: /snap/eclipse/85/plugins/org.apache.commons.cli_1.6.0.jar
2024-03-19 11:30:28,274 [Worker-36: Launching Selenium1 (1)] INFO  o.eclipse.m2e.core.internal.Bundles - getClasspathEntries(Bundle=org.apache.commons.commons-codec_1.16.0 [51])
2024-03-19 11:30:28,274 [Worker-36: Launching Selenium1 (1)] INFO  o.eclipse.m2e.core.internal.Bundles - 	Entry: /snap/eclipse/85/plugins/org.apache.commons.commons-codec_1.16.0.jar
2024-03-19 11:30:28,274 [Worker-36: Launching Selenium1 (1)] INFO  o.eclipse.m2e.core.internal.Bundles - getClasspathEntries(Bundle=org.apache.commons.lang3_3.14.0 [886])
2024-03-19 11:30:28,274 [Worker-36: Launching Selenium1 (1)] INFO  o.eclipse.m2e.core.internal.Bundles - 	Entry: /snap/eclipse/85/plugins/org.apache.commons.lang3_3.14.0.jar
2024-03-19 11:30:28,274 [Worker-36: Launching Selenium1 (1)] INFO  o.eclipse.m2e.core.internal.Bundles - getClasspathEntries(Bundle=com.google.guava.failureaccess_1.0.2 [519])
2024-03-19 11:30:28,274 [Worker-36: Launching Selenium1 (1)] INFO  o.eclipse.m2e.core.internal.Bundles - 	Entry: /snap/eclipse/85/plugins/com.google.guava.failureaccess_1.0.2.jar
2024-03-19 11:30:28,276 [Worker-36: Launching Selenium1 (1)] INFO  o.e.m.i.launch.MavenLaunchDelegate - Run build in "/home/paras/eclipse-workspace/Firstproject/Selenium1":
2024-03-19 11:30:28,276 [Worker-36: Launching Selenium1 (1)] INFO  o.e.m.i.launch.MavenLaunchDelegate -  mvn  -B -Dstyle.color=always 
2024-03-19 11:30:28,276 [Worker-36: Launching Selenium1 (1)] WARN  o.e.m.i.l.MavenLaunchExtensionsSupport - Unknown or unsupported source locator org.eclipse.jdt.internal.launching.sourcelookup.advanced.AdvancedSourceLookupDirector
2024-03-19 11:30:28,373 [Worker-34: Building] ERROR o.e.m.c.i.URLConnectionCaches - Unexpected URLConnection defaultUseCaches enabled
2024-03-19 11:30:28,376 [Worker-34: Building] WARN  o.a.m.s.f.DefaultMavenResourcesFiltering - Using platform encoding (UTF-8 actually) to copy filtered resources, i.e. build is platform dependent!
2024-03-19 11:30:28,376 [Worker-34: Building] INFO  o.a.m.s.f.DefaultMavenResourcesFiltering - skip non existing resourceDirectory /home/paras/eclipse-workspace/Firstproject/Selenium1/src/main/resources
2024-03-19 11:30:28,378 [Worker-34: Building] WARN  o.a.m.s.f.DefaultMavenResourcesFiltering - Using platform encoding (UTF-8 actually) to copy filtered resources, i.e. build is platform dependent!
2024-03-19 11:30:28,378 [Worker-34: Building] INFO  o.a.m.s.f.DefaultMavenResourcesFiltering - skip non existing resourceDirectory /home/paras/eclipse-workspace/Firstproject/Selenium1/src/test/resources
2024-03-19 11:30:48,783 [Worker-37: Launching Executing test in _home_paras_eclipse-workspace_Firstproject_Selenium1] INFO  o.eclipse.m2e.core.internal.Bundles - getClasspathEntries(Bundle=org.eclipse.m2e.maven.runtime_3.9.600.20231203-1234 [1084])
2024-03-19 11:30:48,783 [Worker-37: Launching Executing test in _home_paras_eclipse-workspace_Firstproject_Selenium1] INFO  o.eclipse.m2e.core.internal.Bundles - 	Entry: /snap/eclipse/85/plugins/org.eclipse.m2e.maven.runtime_3.9.600.20231203-1234
2024-03-19 11:30:48,783 [Worker-37: Launching Executing test in _home_paras_eclipse-workspace_Firstproject_Selenium1] INFO  o.eclipse.m2e.core.internal.Bundles - 	Entry: /snap/eclipse/85/plugins/org.eclipse.m2e.maven.runtime_3.9.600.20231203-1234/jars/aopalliance-1.0.jar
2024-03-19 11:30:48,783 [Worker-37: Launching Executing test in _home_paras_eclipse-workspace_Firstproject_Selenium1] INFO  o.eclipse.m2e.core.internal.Bundles - 	Entry: /snap/eclipse/85/plugins/org.eclipse.m2e.maven.runtime_3.9.600.20231203-1234/jars/guice-5.1.0.jar
2024-03-19 11:30:48,783 [Worker-37: Launching Executing test in _home_paras_eclipse-workspace_Firstproject_Selenium1] INFO  o.eclipse.m2e.core.internal.Bundles - 	Entry: /snap/eclipse/85/plugins/org.eclipse.m2e.maven.runtime_3.9.600.20231203-1234/jars/httpclient-4.5.14.jar
2024-03-19 11:30:48,783 [Worker-37: Launching Executing test in _home_paras_eclipse-workspace_Firstproject_Selenium1] INFO  o.eclipse.m2e.core.internal.Bundles - 	Entry: /snap/eclipse/85/plugins/org.eclipse.m2e.maven.runtime_3.9.600.20231203-1234/jars/httpcore-4.4.16.jar
2024-03-19 11:30:48,783 [Worker-37: Launching Executing test in _home_paras_eclipse-workspace_Firstproject_Selenium1] INFO  o.eclipse.m2e.core.internal.Bundles - 	Entry: /snap/eclipse/85/plugins/org.eclipse.m2e.maven.runtime_3.9.600.20231203-1234/jars/jansi-2.4.0.jar
2024-03-19 11:30:48,783 [Worker-37: Launching Executing test in _home_paras_eclipse-workspace_Firstproject_Selenium1] INFO  o.eclipse.m2e.core.internal.Bundles - 	Entry: /snap/eclipse/85/plugins/org.eclipse.m2e.maven.runtime_3.9.600.20231203-1234/jars/jcl-over-slf4j-1.7.36.jar
2024-03-19 11:30:48,783 [Worker-37: Launching Executing test in _home_paras_eclipse-workspace_Firstproject_Selenium1] INFO  o.eclipse.m2e.core.internal.Bundles - 	Entry: /snap/eclipse/85/plugins/org.eclipse.m2e.maven.runtime_3.9.600.20231203-1234/jars/maven-artifact-3.9.6.jar
2024-03-19 11:30:48,783 [Worker-37: Launching Executing test in _home_paras_eclipse-workspace_Firstproject_Selenium1] INFO  o.eclipse.m2e.core.internal.Bundles - 	Entry: /snap/eclipse/85/plugins/org.eclipse.m2e.maven.runtime_3.9.600.20231203-1234/jars/maven-builder-support-3.9.6.jar
2024-03-19 11:30:48,784 [Worker-37: Launching Executing test in _home_paras_eclipse-workspace_Firstproject_Selenium1] INFO  o.eclipse.m2e.core.internal.Bundles - 	Entry: /snap/eclipse/85/plugins/org.eclipse.m2e.maven.runtime_3.9.600.20231203-1234/jars/maven-compat-3.9.6.jar
2024-03-19 11:30:48,784 [Worker-37: Launching Executing test in _home_paras_eclipse-workspace_Firstproject_Selenium1] INFO  o.eclipse.m2e.core.internal.Bundles - 	Entry: /snap/eclipse/85/plugins/org.eclipse.m2e.maven.runtime_3.9.600.20231203-1234/jars/maven-core-3.9.6.jar
2024-03-19 11:30:48,784 [Worker-37: Launching Executing test in _home_paras_eclipse-workspace_Firstproject_Selenium1] INFO  o.eclipse.m2e.core.internal.Bundles - 	Entry: /snap/eclipse/85/plugins/org.eclipse.m2e.maven.runtime_3.9.600.20231203-1234/jars/maven-embedder-3.9.6.jar
2024-03-19 11:30:48,784 [Worker-37: Launching Executing test in _home_paras_eclipse-workspace_Firstproject_Selenium1] INFO  o.eclipse.m2e.core.internal.Bundles - 	Entry: /snap/eclipse/85/plugins/org.eclipse.m2e.maven.runtime_3.9.600.20231203-1234/jars/maven-model-3.9.6.jar
2024-03-19 11:30:48,784 [Worker-37: Launching Executing test in _home_paras_eclipse-workspace_Firstproject_Selenium1] INFO  o.eclipse.m2e.core.internal.Bundles - 	Entry: /snap/eclipse/85/plugins/org.eclipse.m2e.maven.runtime_3.9.600.20231203-1234/jars/maven-model-builder-3.9.6.jar
2024-03-19 11:30:48,784 [Worker-37: Launching Executing test in _home_paras_eclipse-workspace_Firstproject_Selenium1] INFO  o.eclipse.m2e.core.internal.Bundles - 	Entry: /snap/eclipse/85/plugins/org.eclipse.m2e.maven.runtime_3.9.600.20231203-1234/jars/maven-plugin-api-3.9.6.jar
2024-03-19 11:30:48,784 [Worker-37: Launching Executing test in _home_paras_eclipse-workspace_Firstproject_Selenium1] INFO  o.eclipse.m2e.core.internal.Bundles - 	Entry: /snap/eclipse/85/plugins/org.eclipse.m2e.maven.runtime_3.9.600.20231203-1234/jars/maven-repository-metadata-3.9.6.jar
2024-03-19 11:30:48,784 [Worker-37: Launching Executing test in _home_paras_eclipse-workspace_Firstproject_Selenium1] INFO  o.eclipse.m2e.core.internal.Bundles - 	Entry: /snap/eclipse/85/plugins/org.eclipse.m2e.maven.runtime_3.9.600.20231203-1234/jars/maven-resolver-api-1.9.18.jar
2024-03-19 11:30:48,784 [Worker-37: Launching Executing test in _home_paras_eclipse-workspace_Firstproject_Selenium1] INFO  o.eclipse.m2e.core.internal.Bundles - 	Entry: /snap/eclipse/85/plugins/org.eclipse.m2e.maven.runtime_3.9.600.20231203-1234/jars/maven-resolver-connector-basic-1.9.18.jar
2024-03-19 11:30:48,784 [Worker-37: Launching Executing test in _home_paras_eclipse-workspace_Firstproject_Selenium1] INFO  o.eclipse.m2e.core.internal.Bundles - 	Entry: /snap/eclipse/85/plugins/org.eclipse.m2e.maven.runtime_3.9.600.20231203-1234/jars/maven-resolver-impl-1.9.18.jar
2024-03-19 11:30:48,784 [Worker-37: Launching Executing test in _home_paras_eclipse-workspace_Firstproject_Selenium1] INFO  o.eclipse.m2e.core.internal.Bundles - 	Entry: /snap/eclipse/85/plugins/org.eclipse.m2e.maven.runtime_3.9.600.20231203-1234/jars/maven-resolver-named-locks-1.9.18.jar
2024-03-19 11:30:48,784 [Worker-37: Launching Executing test in _home_paras_eclipse-workspace_Firstproject_Selenium1] INFO  o.eclipse.m2e.core.internal.Bundles - 	Entry: /snap/eclipse/85/plugins/org.eclipse.m2e.maven.runtime_3.9.600.20231203-1234/jars/maven-resolver-provider-3.9.6.jar
2024-03-19 11:30:48,784 [Worker-37: Launching Executing test in _home_paras_eclipse-workspace_Firstproject_Selenium1] INFO  o.eclipse.m2e.core.internal.Bundles - 	Entry: /snap/eclipse/85/plugins/org.eclipse.m2e.maven.runtime_3.9.600.20231203-1234/jars/maven-resolver-spi-1.9.18.jar
2024-03-19 11:30:48,784 [Worker-37: Launching Executing test in _home_paras_eclipse-workspace_Firstproject_Selenium1] INFO  o.eclipse.m2e.core.internal.Bundles - 	Entry: /snap/eclipse/85/plugins/org.eclipse.m2e.maven.runtime_3.9.600.20231203-1234/jars/maven-resolver-transport-file-1.9.18.jar
2024-03-19 11:30:48,784 [Worker-37: Launching Executing test in _home_paras_eclipse-workspace_Firstproject_Selenium1] INFO  o.eclipse.m2e.core.internal.Bundles - 	Entry: /snap/eclipse/85/plugins/org.eclipse.m2e.maven.runtime_3.9.600.20231203-1234/jars/maven-resolver-transport-http-1.9.18.jar
2024-03-19 11:30:48,784 [Worker-37: Launching Executing test in _home_paras_eclipse-workspace_Firstproject_Selenium1] INFO  o.eclipse.m2e.core.internal.Bundles - 	Entry: /snap/eclipse/85/plugins/org.eclipse.m2e.maven.runtime_3.9.600.20231203-1234/jars/maven-resolver-transport-wagon-1.9.18.jar
2024-03-19 11:30:48,784 [Worker-37: Launching Executing test in _home_paras_eclipse-workspace_Firstproject_Selenium1] INFO  o.eclipse.m2e.core.internal.Bundles - 	Entry: /snap/eclipse/85/plugins/org.eclipse.m2e.maven.runtime_3.9.600.20231203-1234/jars/maven-resolver-util-1.9.18.jar
2024-03-19 11:30:48,784 [Worker-37: Launching Executing test in _home_paras_eclipse-workspace_Firstproject_Selenium1] INFO  o.eclipse.m2e.core.internal.Bundles - 	Entry: /snap/eclipse/85/plugins/org.eclipse.m2e.maven.runtime_3.9.600.20231203-1234/jars/maven-settings-3.9.6.jar
2024-03-19 11:30:48,784 [Worker-37: Launching Executing test in _home_paras_eclipse-workspace_Firstproject_Selenium1] INFO  o.eclipse.m2e.core.internal.Bundles - 	Entry: /snap/eclipse/85/plugins/org.eclipse.m2e.maven.runtime_3.9.600.20231203-1234/jars/maven-settings-builder-3.9.6.jar
2024-03-19 11:30:48,784 [Worker-37: Launching Executing test in _home_paras_eclipse-workspace_Firstproject_Selenium1] INFO  o.eclipse.m2e.core.internal.Bundles - 	Entry: /snap/eclipse/85/plugins/org.eclipse.m2e.maven.runtime_3.9.600.20231203-1234/jars/maven-shared-utils-3.3.4.jar
2024-03-19 11:30:48,784 [Worker-37: Launching Executing test in _home_paras_eclipse-workspace_Firstproject_Selenium1] INFO  o.eclipse.m2e.core.internal.Bundles - 	Entry: /snap/eclipse/85/plugins/org.eclipse.m2e.maven.runtime_3.9.600.20231203-1234/jars/org.eclipse.sisu.inject-0.9.0.M2.jar
2024-03-19 11:30:48,784 [Worker-37: Launching Executing test in _home_paras_eclipse-workspace_Firstproject_Selenium1] INFO  o.eclipse.m2e.core.internal.Bundles - 	Entry: /snap/eclipse/85/plugins/org.eclipse.m2e.maven.runtime_3.9.600.20231203-1234/jars/org.eclipse.sisu.plexus-0.9.0.M2.jar
2024-03-19 11:30:48,784 [Worker-37: Launching Executing test in _home_paras_eclipse-workspace_Firstproject_Selenium1] INFO  o.eclipse.m2e.core.internal.Bundles - 	Entry: /snap/eclipse/85/plugins/org.eclipse.m2e.maven.runtime_3.9.600.20231203-1234/jars/plexus-build-api-0.0.7.jar
2024-03-19 11:30:48,784 [Worker-37: Launching Executing test in _home_paras_eclipse-workspace_Firstproject_Selenium1] INFO  o.eclipse.m2e.core.internal.Bundles - 	Entry: /snap/eclipse/85/plugins/org.eclipse.m2e.maven.runtime_3.9.600.20231203-1234/jars/plexus-cipher-2.0.jar
2024-03-19 11:30:48,784 [Worker-37: Launching Executing test in _home_paras_eclipse-workspace_Firstproject_Selenium1] INFO  o.eclipse.m2e.core.internal.Bundles - 	Entry: /snap/eclipse/85/plugins/org.eclipse.m2e.maven.runtime_3.9.600.20231203-1234/jars/plexus-classworlds-2.7.0.jar
2024-03-19 11:30:48,784 [Worker-37: Launching Executing test in _home_paras_eclipse-workspace_Firstproject_Selenium1] INFO  o.eclipse.m2e.core.internal.Bundles - 	Entry: /snap/eclipse/85/plugins/org.eclipse.m2e.maven.runtime_3.9.600.20231203-1234/jars/plexus-component-annotations-2.1.0.jar
2024-03-19 11:30:48,784 [Worker-37: Launching Executing test in _home_paras_eclipse-workspace_Firstproject_Selenium1] INFO  o.eclipse.m2e.core.internal.Bundles - 	Entry: /snap/eclipse/85/plugins/org.eclipse.m2e.maven.runtime_3.9.600.20231203-1234/jars/plexus-interpolation-1.26.jar
2024-03-19 11:30:48,784 [Worker-37: Launching Executing test in _home_paras_eclipse-workspace_Firstproject_Selenium1] INFO  o.eclipse.m2e.core.internal.Bundles - 	Entry: /snap/eclipse/85/plugins/org.eclipse.m2e.maven.runtime_3.9.600.20231203-1234/jars/plexus-sec-dispatcher-2.0.jar
2024-03-19 11:30:48,784 [Worker-37: Launching Executing test in _home_paras_eclipse-workspace_Firstproject_Selenium1] INFO  o.eclipse.m2e.core.internal.Bundles - 	Entry: /snap/eclipse/85/plugins/org.eclipse.m2e.maven.runtime_3.9.600.20231203-1234/jars/plexus-utils-3.5.1.jar
2024-03-19 11:30:48,784 [Worker-37: Launching Executing test in _home_paras_eclipse-workspace_Firstproject_Selenium1] INFO  o.eclipse.m2e.core.internal.Bundles - 	Entry: /snap/eclipse/85/plugins/org.eclipse.m2e.maven.runtime_3.9.600.20231203-1234/jars/wagon-file-3.5.3.jar
2024-03-19 11:30:48,785 [Worker-37: Launching Executing test in _home_paras_eclipse-workspace_Firstproject_Selenium1] INFO  o.eclipse.m2e.core.internal.Bundles - 	Entry: /snap/eclipse/85/plugins/org.eclipse.m2e.maven.runtime_3.9.600.20231203-1234/jars/wagon-http-3.5.3.jar
2024-03-19 11:30:48,785 [Worker-37: Launching Executing test in _home_paras_eclipse-workspace_Firstproject_Selenium1] INFO  o.eclipse.m2e.core.internal.Bundles - 	Entry: /snap/eclipse/85/plugins/org.eclipse.m2e.maven.runtime_3.9.600.20231203-1234/jars/wagon-http-shared-3.5.3.jar
2024-03-19 11:30:48,785 [Worker-37: Launching Executing test in _home_paras_eclipse-workspace_Firstproject_Selenium1] INFO  o.eclipse.m2e.core.internal.Bundles - 	Entry: /snap/eclipse/85/plugins/org.eclipse.m2e.maven.runtime_3.9.600.20231203-1234/jars/wagon-provider-api-3.5.3.jar
2024-03-19 11:30:48,785 [Worker-37: Launching Executing test in _home_paras_eclipse-workspace_Firstproject_Selenium1] INFO  o.eclipse.m2e.core.internal.Bundles - getClasspathEntries(Bundle=com.google.guava_33.0.0.jre [863])
2024-03-19 11:30:48,785 [Worker-37: Launching Executing test in _home_paras_eclipse-workspace_Firstproject_Selenium1] INFO  o.eclipse.m2e.core.internal.Bundles - 	Entry: /snap/eclipse/85/plugins/com.google.guava_33.0.0.jre.jar
2024-03-19 11:30:48,785 [Worker-37: Launching Executing test in _home_paras_eclipse-workspace_Firstproject_Selenium1] INFO  o.eclipse.m2e.core.internal.Bundles - getClasspathEntries(Bundle=slf4j.api_2.0.12 [1228])
2024-03-19 11:30:48,785 [Worker-37: Launching Executing test in _home_paras_eclipse-workspace_Firstproject_Selenium1] INFO  o.eclipse.m2e.core.internal.Bundles - 	Entry: /snap/eclipse/85/plugins/slf4j.api_2.0.12.jar
2024-03-19 11:30:48,785 [Worker-37: Launching Executing test in _home_paras_eclipse-workspace_Firstproject_Selenium1] INFO  o.eclipse.m2e.core.internal.Bundles - getClasspathEntries(Bundle=jakarta.inject.jakarta.inject-api_1.0.5 [526])
2024-03-19 11:30:48,785 [Worker-37: Launching Executing test in _home_paras_eclipse-workspace_Firstproject_Selenium1] INFO  o.eclipse.m2e.core.internal.Bundles - 	Entry: /snap/eclipse/85/plugins/jakarta.inject.jakarta.inject-api_1.0.5.jar
2024-03-19 11:30:48,785 [Worker-37: Launching Executing test in _home_paras_eclipse-workspace_Firstproject_Selenium1] INFO  o.eclipse.m2e.core.internal.Bundles - getClasspathEntries(Bundle=jakarta.annotation-api_1.3.5 [524])
2024-03-19 11:30:48,785 [Worker-37: Launching Executing test in _home_paras_eclipse-workspace_Firstproject_Selenium1] INFO  o.eclipse.m2e.core.internal.Bundles - 	Entry: /snap/eclipse/85/plugins/jakarta.annotation-api_1.3.5.jar
2024-03-19 11:30:48,785 [Worker-37: Launching Executing test in _home_paras_eclipse-workspace_Firstproject_Selenium1] INFO  o.eclipse.m2e.core.internal.Bundles - getClasspathEntries(Bundle=org.apache.commons.cli_1.6.0 [546])
2024-03-19 11:30:48,785 [Worker-37: Launching Executing test in _home_paras_eclipse-workspace_Firstproject_Selenium1] INFO  o.eclipse.m2e.core.internal.Bundles - 	Entry: /snap/eclipse/85/plugins/org.apache.commons.cli_1.6.0.jar
2024-03-19 11:30:48,785 [Worker-37: Launching Executing test in _home_paras_eclipse-workspace_Firstproject_Selenium1] INFO  o.eclipse.m2e.core.internal.Bundles - getClasspathEntries(Bundle=org.apache.commons.commons-codec_1.16.0 [51])
2024-03-19 11:30:48,785 [Worker-37: Launching Executing test in _home_paras_eclipse-workspace_Firstproject_Selenium1] INFO  o.eclipse.m2e.core.internal.Bundles - 	Entry: /snap/eclipse/85/plugins/org.apache.commons.commons-codec_1.16.0.jar
2024-03-19 11:30:48,785 [Worker-37: Launching Executing test in _home_paras_eclipse-workspace_Firstproject_Selenium1] INFO  o.eclipse.m2e.core.internal.Bundles - getClasspathEntries(Bundle=org.apache.commons.lang3_3.14.0 [886])
2024-03-19 11:30:48,785 [Worker-37: Launching Executing test in _home_paras_eclipse-workspace_Firstproject_Selenium1] INFO  o.eclipse.m2e.core.internal.Bundles - 	Entry: /snap/eclipse/85/plugins/org.apache.commons.lang3_3.14.0.jar
2024-03-19 11:30:48,785 [Worker-37: Launching Executing test in _home_paras_eclipse-workspace_Firstproject_Selenium1] INFO  o.eclipse.m2e.core.internal.Bundles - getClasspathEntries(Bundle=com.google.guava.failureaccess_1.0.2 [519])
2024-03-19 11:30:48,785 [Worker-37: Launching Executing test in _home_paras_eclipse-workspace_Firstproject_Selenium1] INFO  o.eclipse.m2e.core.internal.Bundles - 	Entry: /snap/eclipse/85/plugins/com.google.guava.failureaccess_1.0.2.jar
2024-03-19 11:30:48,786 [Worker-37: Launching Executing test in _home_paras_eclipse-workspace_Firstproject_Selenium1] INFO  o.e.m.i.launch.MavenLaunchDelegate - Run build in "/home/paras/eclipse-workspace/Firstproject/Selenium1":
2024-03-19 11:30:48,786 [Worker-37: Launching Executing test in _home_paras_eclipse-workspace_Firstproject_Selenium1] INFO  o.e.m.i.launch.MavenLaunchDelegate -  mvn  -B -Dstyle.color=always test
2024-03-19 11:30:48,786 [Worker-37: Launching Executing test in _home_paras_eclipse-workspace_Firstproject_Selenium1] WARN  o.e.m.i.l.MavenLaunchExtensionsSupport - Unknown or unsupported source locator org.eclipse.jdt.internal.launching.sourcelookup.advanced.AdvancedSourceLookupDirector
2024-03-19 11:30:53,200 [Worker-38: Building] ERROR o.e.m.c.i.URLConnectionCaches - Unexpected URLConnection defaultUseCaches enabled
2024-03-19 11:31:44,762 [Worker-36: Building] ERROR o.e.m.c.i.URLConnectionCaches - Unexpected URLConnection defaultUseCaches enabled
2024-03-19 11:31:44,765 [Worker-36: Building] WARN  o.a.m.s.f.DefaultMavenResourcesFiltering - Using platform encoding (UTF-8 actually) to copy filtered resources, i.e. build is platform dependent!
2024-03-19 11:31:44,765 [Worker-36: Building] INFO  o.a.m.s.f.DefaultMavenResourcesFiltering - skip non existing resourceDirectory /home/paras/eclipse-workspace/Firstproject/Selenium1/src/main/resources
2024-03-19 11:31:44,767 [Worker-36: Building] WARN  o.a.m.s.f.DefaultMavenResourcesFiltering - Using platform encoding (UTF-8 actually) to copy filtered resources, i.e. build is platform dependent!
2024-03-19 11:31:44,767 [Worker-36: Building] INFO  o.a.m.s.f.DefaultMavenResourcesFiltering - skip non existing resourceDirectory /home/paras/eclipse-workspace/Firstproject/Selenium1/src/test/resources
2024-03-19 11:31:57,694 [Worker-37: Building] ERROR o.e.m.c.i.URLConnectionCaches - Unexpected URLConnection defaultUseCaches enabled
2024-03-19 11:31:57,702 [Worker-37: Building] WARN  o.a.m.s.f.DefaultMavenResourcesFiltering - Using platform encoding (UTF-8 actually) to copy filtered resources, i.e. build is platform dependent!
2024-03-19 11:31:57,703 [Worker-37: Building] INFO  o.a.m.s.f.DefaultMavenResourcesFiltering - skip non existing resourceDirectory /home/paras/eclipse-workspace/Firstproject/Selenium1/src/main/resources
2024-03-19 11:31:57,707 [Worker-37: Building] WARN  o.a.m.s.f.DefaultMavenResourcesFiltering - Using platform encoding (UTF-8 actually) to copy filtered resources, i.e. build is platform dependent!
2024-03-19 11:31:57,708 [Worker-37: Building] INFO  o.a.m.s.f.DefaultMavenResourcesFiltering - skip non existing resourceDirectory /home/paras/eclipse-workspace/Firstproject/Selenium1/src/test/resources
2024-03-19 11:32:15,985 [Worker-36: Building] ERROR o.e.m.c.i.URLConnectionCaches - Unexpected URLConnection defaultUseCaches enabled
2024-03-19 11:32:15,987 [Worker-36: Building] WARN  o.a.m.s.f.DefaultMavenResourcesFiltering - Using platform encoding (UTF-8 actually) to copy filtered resources, i.e. build is platform dependent!
2024-03-19 11:32:15,987 [Worker-36: Building] INFO  o.a.m.s.f.DefaultMavenResourcesFiltering - skip non existing resourceDirectory /home/paras/eclipse-workspace/Firstproject/Selenium1/src/main/resources
2024-03-19 11:32:15,988 [Worker-36: Building] WARN  o.a.m.s.f.DefaultMavenResourcesFiltering - Using platform encoding (UTF-8 actually) to copy filtered resources, i.e. build is platform dependent!
2024-03-19 11:32:15,989 [Worker-36: Building] INFO  o.a.m.s.f.DefaultMavenResourcesFiltering - skip non existing resourceDirectory /home/paras/eclipse-workspace/Firstproject/Selenium1/src/test/resources
2024-03-19 11:38:01,778 [Worker-41: Building] ERROR o.e.m.c.i.URLConnectionCaches - Unexpected URLConnection defaultUseCaches enabled
2024-03-19 11:38:01,781 [Worker-41: Building] WARN  o.a.m.s.f.DefaultMavenResourcesFiltering - Using platform encoding (UTF-8 actually) to copy filtered resources, i.e. build is platform dependent!
2024-03-19 11:38:01,781 [Worker-41: Building] INFO  o.a.m.s.f.DefaultMavenResourcesFiltering - skip non existing resourceDirectory /home/paras/eclipse-workspace/Firstproject/Selenium1/src/main/resources
2024-03-19 11:38:01,783 [Worker-41: Building] WARN  o.a.m.s.f.DefaultMavenResourcesFiltering - Using platform encoding (UTF-8 actually) to copy filtered resources, i.e. build is platform dependent!
2024-03-19 11:38:01,783 [Worker-41: Building] INFO  o.a.m.s.f.DefaultMavenResourcesFiltering - skip non existing resourceDirectory /home/paras/eclipse-workspace/Firstproject/Selenium1/src/test/resources
2024-03-19 11:40:04,514 [Worker-44: Building] ERROR o.e.m.c.i.URLConnectionCaches - Unexpected URLConnection defaultUseCaches enabled
2024-03-19 11:40:04,516 [Worker-44: Building] WARN  o.a.m.s.f.DefaultMavenResourcesFiltering - Using platform encoding (UTF-8 actually) to copy filtered resources, i.e. build is platform dependent!
2024-03-19 11:40:04,517 [Worker-44: Building] INFO  o.a.m.s.f.DefaultMavenResourcesFiltering - skip non existing resourceDirectory /home/paras/eclipse-workspace/Firstproject/Selenium1/src/main/resources
2024-03-19 11:40:04,518 [Worker-44: Building] WARN  o.a.m.s.f.DefaultMavenResourcesFiltering - Using platform encoding (UTF-8 actually) to copy filtered resources, i.e. build is platform dependent!
2024-03-19 11:40:04,518 [Worker-44: Building] INFO  o.a.m.s.f.DefaultMavenResourcesFiltering - skip non existing resourceDirectory /home/paras/eclipse-workspace/Firstproject/Selenium1/src/test/resources
2024-03-19 11:40:20,673 [Worker-42: Building] ERROR o.e.m.c.i.URLConnectionCaches - Unexpected URLConnection defaultUseCaches enabled
2024-03-19 11:40:20,677 [Worker-42: Building] WARN  o.a.m.s.f.DefaultMavenResourcesFiltering - Using platform encoding (UTF-8 actually) to copy filtered resources, i.e. build is platform dependent!
2024-03-19 11:40:20,678 [Worker-42: Building] INFO  o.a.m.s.f.DefaultMavenResourcesFiltering - skip non existing resourceDirectory /home/paras/eclipse-workspace/Firstproject/Selenium1/src/main/resources
2024-03-19 11:40:20,680 [Worker-42: Building] WARN  o.a.m.s.f.DefaultMavenResourcesFiltering - Using platform encoding (UTF-8 actually) to copy filtered resources, i.e. build is platform dependent!
2024-03-19 11:40:20,681 [Worker-42: Building] INFO  o.a.m.s.f.DefaultMavenResourcesFiltering - skip non existing resourceDirectory /home/paras/eclipse-workspace/Firstproject/Selenium1/src/test/resources
2024-03-19 11:42:39,647 [Worker-44: Building] ERROR o.e.m.c.i.URLConnectionCaches - Unexpected URLConnection defaultUseCaches enabled
2024-03-19 11:42:39,850 [Worker-44: Building] INFO  o.e.m.c.i.l.LifecycleMappingFactory - Using org.eclipse.m2e.jdt.JarLifecycleMapping lifecycle mapping for MavenProject: Selenium1:Selenium1:0.0.1-SNAPSHOT @ /home/paras/eclipse-workspace/Firstproject/Selenium1/pom.xml.
2024-03-19 11:42:39,977 [Worker-44: Building] ERROR o.e.m.c.i.URLConnectionCaches - Unexpected URLConnection defaultUseCaches enabled
2024-03-19 11:42:40,011 [Worker-44: Building] WARN  o.a.m.s.f.DefaultMavenResourcesFiltering - Using platform encoding (UTF-8 actually) to copy filtered resources, i.e. build is platform dependent!
2024-03-19 11:42:40,011 [Worker-44: Building] INFO  o.a.m.s.f.DefaultMavenResourcesFiltering - skip non existing resourceDirectory /home/paras/eclipse-workspace/Firstproject/Selenium1/src/main/resources
2024-03-19 11:42:40,013 [Worker-44: Building] WARN  o.a.m.s.f.DefaultMavenResourcesFiltering - Using platform encoding (UTF-8 actually) to copy filtered resources, i.e. build is platform dependent!
2024-03-19 11:42:40,013 [Worker-44: Building] INFO  o.a.m.s.f.DefaultMavenResourcesFiltering - skip non existing resourceDirectory /home/paras/eclipse-workspace/Firstproject/Selenium1/src/test/resources
2024-03-19 11:46:04,969 [Worker-48: Building] ERROR o.e.m.c.i.URLConnectionCaches - Unexpected URLConnection defaultUseCaches enabled
2024-03-19 11:46:04,971 [Worker-48: Building] WARN  o.a.m.s.f.DefaultMavenResourcesFiltering - Using platform encoding (UTF-8 actually) to copy filtered resources, i.e. build is platform dependent!
2024-03-19 11:46:04,971 [Worker-48: Building] INFO  o.a.m.s.f.DefaultMavenResourcesFiltering - skip non existing resourceDirectory /home/paras/eclipse-workspace/Firstproject/Selenium1/src/main/resources
2024-03-19 11:46:04,973 [Worker-48: Building] WARN  o.a.m.s.f.DefaultMavenResourcesFiltering - Using platform encoding (UTF-8 actually) to copy filtered resources, i.e. build is platform dependent!
2024-03-19 11:46:04,973 [Worker-48: Building] INFO  o.a.m.s.f.DefaultMavenResourcesFiltering - skip non existing resourceDirectory /home/paras/eclipse-workspace/Firstproject/Selenium1/src/test/resources
2024-03-19 13:06:08,304 [Worker-64: Building] ERROR o.e.m.c.i.URLConnectionCaches - Unexpected URLConnection defaultUseCaches enabled
2024-03-19 13:06:08,461 [Worker-64: Building] WARN  o.a.m.s.f.DefaultMavenResourcesFiltering - Using platform encoding (UTF-8 actually) to copy filtered resources, i.e. build is platform dependent!
2024-03-19 13:06:08,461 [Worker-64: Building] INFO  o.a.m.s.f.DefaultMavenResourcesFiltering - skip non existing resourceDirectory /home/paras/eclipse-workspace/Firstproject/Selenium1/src/main/resources
2024-03-19 13:06:08,464 [Worker-64: Building] WARN  o.a.m.s.f.DefaultMavenResourcesFiltering - Using platform encoding (UTF-8 actually) to copy filtered resources, i.e. build is platform dependent!
2024-03-19 13:06:08,465 [Worker-64: Building] INFO  o.a.m.s.f.DefaultMavenResourcesFiltering - skip non existing resourceDirectory /home/paras/eclipse-workspace/Firstproject/Selenium1/src/test/resources
2024-03-19 13:07:11,015 [Worker-70: Building] ERROR o.e.m.c.i.URLConnectionCaches - Unexpected URLConnection defaultUseCaches enabled
2024-03-19 13:07:11,019 [Worker-70: Building] WARN  o.a.m.s.f.DefaultMavenResourcesFiltering - Using platform encoding (UTF-8 actually) to copy filtered resources, i.e. build is platform dependent!
2024-03-19 13:07:11,020 [Worker-70: Building] INFO  o.a.m.s.f.DefaultMavenResourcesFiltering - skip non existing resourceDirectory /home/paras/eclipse-workspace/Firstproject/Selenium1/src/main/resources
2024-03-19 13:07:11,023 [Worker-70: Building] WARN  o.a.m.s.f.DefaultMavenResourcesFiltering - Using platform encoding (UTF-8 actually) to copy filtered resources, i.e. build is platform dependent!
2024-03-19 13:07:11,024 [Worker-70: Building] INFO  o.a.m.s.f.DefaultMavenResourcesFiltering - skip non existing resourceDirectory /home/paras/eclipse-workspace/Firstproject/Selenium1/src/test/resources
2024-03-19 13:09:22,733 [Worker-72: Building] ERROR o.e.m.c.i.URLConnectionCaches - Unexpected URLConnection defaultUseCaches enabled
2024-03-19 13:09:22,735 [Worker-72: Building] WARN  o.a.m.s.f.DefaultMavenResourcesFiltering - Using platform encoding (UTF-8 actually) to copy filtered resources, i.e. build is platform dependent!
2024-03-19 13:09:22,735 [Worker-72: Building] INFO  o.a.m.s.f.DefaultMavenResourcesFiltering - skip non existing resourceDirectory /home/paras/eclipse-workspace/Firstproject/Selenium1/src/main/resources
2024-03-19 13:09:22,737 [Worker-72: Building] WARN  o.a.m.s.f.DefaultMavenResourcesFiltering - Using platform encoding (UTF-8 actually) to copy filtered resources, i.e. build is platform dependent!
2024-03-19 13:09:22,737 [Worker-72: Building] INFO  o.a.m.s.f.DefaultMavenResourcesFiltering - skip non existing resourceDirectory /home/paras/eclipse-workspace/Firstproject/Selenium1/src/test/resources
2024-03-20 14:38:19,653 [Worker-5: Loading available Gradle versions] INFO  o.e.b.c.i.u.g.PublishedGradleVersions - Gradle version information cache is out-of-date. Trying to update.
2024-03-20 14:40:04,993 [Worker-2: Building] WARN  o.a.m.s.f.DefaultMavenResourcesFiltering - Using platform encoding (UTF-8 actually) to copy filtered resources, i.e. build is platform dependent!
2024-03-20 14:40:05,012 [Worker-2: Building] INFO  o.a.m.s.f.DefaultMavenResourcesFiltering - skip non existing resourceDirectory /home/paras/eclipse-workspace/Firstproject/Selenium1/src/main/resources
2024-03-20 14:40:05,015 [Worker-2: Building] WARN  o.a.m.s.f.DefaultMavenResourcesFiltering - Using platform encoding (UTF-8 actually) to copy filtered resources, i.e. build is platform dependent!
2024-03-20 14:40:05,016 [Worker-2: Building] INFO  o.a.m.s.f.DefaultMavenResourcesFiltering - skip non existing resourceDirectory /home/paras/eclipse-workspace/Firstproject/Selenium1/src/test/resources
2024-03-21 10:44:49,084 [Worker-2: Loading available Gradle versions] INFO  o.e.b.c.i.u.g.PublishedGradleVersions - Gradle version information cache is up-to-date. Trying to read.
2024-03-21 11:44:20,055 [Worker-23: Building] WARN  o.a.m.s.f.DefaultMavenResourcesFiltering - Using platform encoding (UTF-8 actually) to copy filtered resources, i.e. build is platform dependent!
2024-03-21 11:44:20,078 [Worker-23: Building] INFO  o.a.m.s.f.DefaultMavenResourcesFiltering - skip non existing resourceDirectory /home/paras/eclipse-workspace/Firstproject/Selenium1/src/main/resources
2024-03-21 11:44:20,081 [Worker-23: Building] WARN  o.a.m.s.f.DefaultMavenResourcesFiltering - Using platform encoding (UTF-8 actually) to copy filtered resources, i.e. build is platform dependent!
2024-03-21 11:44:20,082 [Worker-23: Building] INFO  o.a.m.s.f.DefaultMavenResourcesFiltering - skip non existing resourceDirectory /home/paras/eclipse-workspace/Firstproject/Selenium1/src/test/resources
2024-03-22 09:55:11,447 [Worker-2: Loading available Gradle versions] INFO  o.e.b.c.i.u.g.PublishedGradleVersions - Gradle version information cache is out-of-date. Trying to update.
2024-03-22 09:57:44,846 [Worker-17: Building] WARN  o.a.m.s.f.DefaultMavenResourcesFiltering - Using platform encoding (UTF-8 actually) to copy filtered resources, i.e. build is platform dependent!
2024-03-22 09:57:44,866 [Worker-17: Building] INFO  o.a.m.s.f.DefaultMavenResourcesFiltering - skip non existing resourceDirectory /home/paras/eclipse-workspace/Firstproject/Selenium1/src/main/resources
2024-03-22 09:57:44,869 [Worker-17: Building] WARN  o.a.m.s.f.DefaultMavenResourcesFiltering - Using platform encoding (UTF-8 actually) to copy filtered resources, i.e. build is platform dependent!
2024-03-22 09:57:44,869 [Worker-17: Building] INFO  o.a.m.s.f.DefaultMavenResourcesFiltering - skip non existing resourceDirectory /home/paras/eclipse-workspace/Firstproject/Selenium1/src/test/resources
2024-03-27 11:33:29,164 [Worker-1: Loading available Gradle versions] INFO  o.e.b.c.i.u.g.PublishedGradleVersions - Gradle version information cache is out-of-date. Trying to update.
2024-03-27 11:34:04,182 [Worker-13: Building] WARN  o.a.m.s.f.DefaultMavenResourcesFiltering - Using platform encoding (UTF-8 actually) to copy filtered resources, i.e. build is platform dependent!
2024-03-27 11:34:04,200 [Worker-13: Building] INFO  o.a.m.s.f.DefaultMavenResourcesFiltering - skip non existing resourceDirectory /home/paras/eclipse-workspace/Firstproject/Selenium1/src/main/resources
2024-03-27 11:34:04,204 [Worker-13: Building] WARN  o.a.m.s.f.DefaultMavenResourcesFiltering - Using platform encoding (UTF-8 actually) to copy filtered resources, i.e. build is platform dependent!
2024-03-27 11:34:04,204 [Worker-13: Building] INFO  o.a.m.s.f.DefaultMavenResourcesFiltering - skip non existing resourceDirectory /home/paras/eclipse-workspace/Firstproject/Selenium1/src/test/resources
2024-03-28 13:11:41,889 [Worker-1: Loading available Gradle versions] INFO  o.e.b.c.i.u.g.PublishedGradleVersions - Gradle version information cache is out-of-date. Trying to update.
2024-03-28 13:12:42,126 [Worker-0: Building] WARN  o.a.m.s.f.DefaultMavenResourcesFiltering - Using platform encoding (UTF-8 actually) to copy filtered resources, i.e. build is platform dependent!
2024-03-28 13:12:42,150 [Worker-0: Building] INFO  o.a.m.s.f.DefaultMavenResourcesFiltering - skip non existing resourceDirectory /home/paras/eclipse-workspace/Firstproject/Selenium1/src/main/resources
2024-03-28 13:12:42,154 [Worker-0: Building] WARN  o.a.m.s.f.DefaultMavenResourcesFiltering - Using platform encoding (UTF-8 actually) to copy filtered resources, i.e. build is platform dependent!
2024-03-28 13:12:42,155 [Worker-0: Building] INFO  o.a.m.s.f.DefaultMavenResourcesFiltering - skip non existing resourceDirectory /home/paras/eclipse-workspace/Firstproject/Selenium1/src/test/resources
2024-03-28 13:14:18,381 [Worker-6: Building] WARN  o.a.m.s.f.DefaultMavenResourcesFiltering - Using platform encoding (UTF-8 actually) to copy filtered resources, i.e. build is platform dependent!
2024-03-28 13:14:18,382 [Worker-6: Building] INFO  o.a.m.s.f.DefaultMavenResourcesFiltering - skip non existing resourceDirectory /home/paras/eclipse-workspace/Firstproject/Selenium1/src/main/resources
2024-03-28 13:14:18,384 [Worker-6: Building] WARN  o.a.m.s.f.DefaultMavenResourcesFiltering - Using platform encoding (UTF-8 actually) to copy filtered resources, i.e. build is platform dependent!
2024-03-28 13:14:18,384 [Worker-6: Building] INFO  o.a.m.s.f.DefaultMavenResourcesFiltering - skip non existing resourceDirectory /home/paras/eclipse-workspace/Firstproject/Selenium1/src/test/resources
2024-03-28 13:14:36,970 [Worker-2: Building] WARN  o.a.m.s.f.DefaultMavenResourcesFiltering - Using platform encoding (UTF-8 actually) to copy filtered resources, i.e. build is platform dependent!
2024-03-28 13:14:36,971 [Worker-2: Building] INFO  o.a.m.s.f.DefaultMavenResourcesFiltering - skip non existing resourceDirectory /home/paras/eclipse-workspace/Firstproject/Selenium1/src/main/resources
2024-03-28 13:14:36,972 [Worker-2: Building] WARN  o.a.m.s.f.DefaultMavenResourcesFiltering - Using platform encoding (UTF-8 actually) to copy filtered resources, i.e. build is platform dependent!
2024-03-28 13:14:36,973 [Worker-2: Building] INFO  o.a.m.s.f.DefaultMavenResourcesFiltering - skip non existing resourceDirectory /home/paras/eclipse-workspace/Firstproject/Selenium1/src/test/resources
2024-03-28 13:14:41,200 [Worker-6: Building] WARN  o.a.m.s.f.DefaultMavenResourcesFiltering - Using platform encoding (UTF-8 actually) to copy filtered resources, i.e. build is platform dependent!
2024-03-28 13:14:41,200 [Worker-6: Building] INFO  o.a.m.s.f.DefaultMavenResourcesFiltering - skip non existing resourceDirectory /home/paras/eclipse-workspace/Firstproject/Selenium1/src/main/resources
2024-03-28 13:14:41,203 [Worker-6: Building] WARN  o.a.m.s.f.DefaultMavenResourcesFiltering - Using platform encoding (UTF-8 actually) to copy filtered resources, i.e. build is platform dependent!
2024-03-28 13:14:41,203 [Worker-6: Building] INFO  o.a.m.s.f.DefaultMavenResourcesFiltering - skip non existing resourceDirectory /home/paras/eclipse-workspace/Firstproject/Selenium1/src/test/resources
2024-03-28 13:14:44,994 [Worker-5: Building] WARN  o.a.m.s.f.DefaultMavenResourcesFiltering - Using platform encoding (UTF-8 actually) to copy filtered resources, i.e. build is platform dependent!
2024-03-28 13:14:44,995 [Worker-5: Building] INFO  o.a.m.s.f.DefaultMavenResourcesFiltering - skip non existing resourceDirectory /home/paras/eclipse-workspace/Firstproject/Selenium1/src/main/resources
2024-03-28 13:14:44,998 [Worker-5: Building] WARN  o.a.m.s.f.DefaultMavenResourcesFiltering - Using platform encoding (UTF-8 actually) to copy filtered resources, i.e. build is platform dependent!
2024-03-28 13:14:44,998 [Worker-5: Building] INFO  o.a.m.s.f.DefaultMavenResourcesFiltering - skip non existing resourceDirectory /home/paras/eclipse-workspace/Firstproject/Selenium1/src/test/resources
2024-04-01 10:56:29,782 [Worker-3: Loading available Gradle versions] INFO  o.e.b.c.i.u.g.PublishedGradleVersions - Gradle version information cache is out-of-date. Trying to update.
2024-04-01 10:57:48,740 [Worker-8: Building] WARN  o.a.m.s.f.DefaultMavenResourcesFiltering - Using platform encoding (UTF-8 actually) to copy filtered resources, i.e. build is platform dependent!
2024-04-01 10:57:48,751 [Worker-8: Building] INFO  o.a.m.s.f.DefaultMavenResourcesFiltering - skip non existing resourceDirectory /home/paras/eclipse-workspace/Firstproject/Selenium1/src/main/resources
2024-04-01 10:57:48,754 [Worker-8: Building] WARN  o.a.m.s.f.DefaultMavenResourcesFiltering - Using platform encoding (UTF-8 actually) to copy filtered resources, i.e. build is platform dependent!
2024-04-01 10:57:48,755 [Worker-8: Building] INFO  o.a.m.s.f.DefaultMavenResourcesFiltering - skip non existing resourceDirectory /home/paras/eclipse-workspace/Firstproject/Selenium1/src/test/resources
2024-04-03 11:11:43,795 [Worker-1: Loading available Gradle versions] INFO  o.e.b.c.i.u.g.PublishedGradleVersions - Gradle version information cache is out-of-date. Trying to update.
2024-04-03 11:11:49,457 [Worker-1: Loading available Gradle versions] INFO  o.e.b.c.i.u.g.PublishedGradleVersions - Updating Gradle version information cache failed. Using outdated cache.
2024-04-03 11:11:51,749 [Worker-10: Building] WARN  o.a.m.s.f.DefaultMavenResourcesFiltering - Using platform encoding (UTF-8 actually) to copy filtered resources, i.e. build is platform dependent!
2024-04-03 11:11:51,750 [Worker-10: Building] INFO  o.a.m.s.f.DefaultMavenResourcesFiltering - skip non existing resourceDirectory /home/paras/eclipse-workspace/Firstproject/Selenium1/src/main/resources
2024-04-03 11:11:51,763 [Worker-10: Building] WARN  o.a.m.s.f.DefaultMavenResourcesFiltering - Using platform encoding (UTF-8 actually) to copy filtered resources, i.e. build is platform dependent!
2024-04-03 11:11:51,763 [Worker-10: Building] INFO  o.a.m.s.f.DefaultMavenResourcesFiltering - skip non existing resourceDirectory /home/paras/eclipse-workspace/Firstproject/Selenium1/src/test/resources
2024-04-11 13:17:50,626 [Worker-1: Loading available Gradle versions] INFO  o.e.b.c.i.u.g.PublishedGradleVersions - Gradle version information cache is out-of-date. Trying to update.
2024-04-15 10:55:31,344 [Worker-3: Loading available Gradle versions] INFO  o.e.b.c.i.u.g.PublishedGradleVersions - Gradle version information cache is out-of-date. Trying to update.
2024-04-15 11:01:00,256 [Worker-17: Building] INFO  o.e.m.c.i.l.LifecycleMappingFactory - Using org.eclipse.m2e.jdt.JarLifecycleMapping lifecycle mapping for MavenProject: Selenium1:Selenium1:0.0.1-SNAPSHOT @ /home/paras/eclipse-workspace/Firstproject/Selenium1/pom.xml.
2024-04-15 11:01:03,212 [Worker-17: Building] WARN  o.a.m.s.f.DefaultMavenResourcesFiltering - Using platform encoding (UTF-8 actually) to copy filtered resources, i.e. build is platform dependent!
2024-04-15 11:01:03,221 [Worker-17: Building] INFO  o.a.m.s.f.DefaultMavenResourcesFiltering - skip non existing resourceDirectory /home/paras/eclipse-workspace/Firstproject/Selenium1/src/main/resources
2024-04-15 11:01:03,224 [Worker-17: Building] WARN  o.a.m.s.f.DefaultMavenResourcesFiltering - Using platform encoding (UTF-8 actually) to copy filtered resources, i.e. build is platform dependent!
2024-04-15 11:01:03,225 [Worker-17: Building] INFO  o.a.m.s.f.DefaultMavenResourcesFiltering - skip non existing resourceDirectory /home/paras/eclipse-workspace/Firstproject/Selenium1/src/test/resources
2024-04-15 11:01:04,595 [Worker-9: Updating Maven Dependencies] INFO  o.e.m.c.i.l.LifecycleMappingFactory - Using org.eclipse.m2e.jdt.JarLifecycleMapping lifecycle mapping for MavenProject: Selenium1:Selenium1:0.0.1-SNAPSHOT @ /home/paras/eclipse-workspace/Firstproject/Selenium1/pom.xml.
2024-04-15 11:01:05,227 [Worker-15: Building] WARN  o.a.m.s.f.DefaultMavenResourcesFiltering - Using platform encoding (UTF-8 actually) to copy filtered resources, i.e. build is platform dependent!
2024-04-15 11:01:05,227 [Worker-15: Building] INFO  o.a.m.s.f.DefaultMavenResourcesFiltering - skip non existing resourceDirectory /home/paras/eclipse-workspace/Firstproject/Selenium1/src/main/resources
2024-04-15 11:01:05,231 [Worker-15: Building] WARN  o.a.m.s.f.DefaultMavenResourcesFiltering - Using platform encoding (UTF-8 actually) to copy filtered resources, i.e. build is platform dependent!
2024-04-15 11:01:05,231 [Worker-15: Building] INFO  o.a.m.s.f.DefaultMavenResourcesFiltering - skip non existing resourceDirectory /home/paras/eclipse-workspace/Firstproject/Selenium1/src/test/resources
